lisa@lisa-VirtualBox:~$ cd ~/network/srsRAN_4G/build/srsenb/src/

lisa@lisa-VirtualBox:~/network/srsRAN_4G/build/srsenb/src$ sudo ./enb1.sh

[sudo] password for lisa: 

Active RF plugins: libsrsran_rf_zmq.so

Inactive RF plugins: 

---  Software Radio Systems LTE eNodeB  ---



Reading configuration file ./enb.conf...



Built in Release mode using commit ec29b0c1f on branch master.



Opening 1 channels in RF device=zmq with args="tx_port=tcp://*:2101,rx_port=tcp://localhost:2100,id=enb,base_srate=23.04e6"

Supported RF device list: zmq file

CHx base_srate=23.04e6"

CHx id=enb

Current sample rate is 1.92 MHz with a base rate of 23.04 MHz (x12 decimation)

CH0 rx_port=tcp://localhost:2100

CH0 tx_port=tcp://*:2101



==== eNodeB started ===

Type <t> to view trace

Current sample rate is 11.52 MHz with a base rate of 23.04 MHz (x2 decimation)

Current sample rate is 11.52 MHz with a base rate of 23.04 MHz (x2 decimation)

Setting frequency: DL=2680.0 Mhz, UL=2560.0 MHz for cc_idx=0 nof_prb=50

t

Enter t to stop trace.

RACH:  tti=661, cc=0, pci=1, preamble=30, offset=0, temp_crnti=0x46

User 0x46 connected



               -----------------DL----------------|-------------------------UL-------------------------

rat  pci rnti  cqi  ri  mcs  brate   ok  nok  (%) | pusch  pucch  phr  mcs  brate   ok  nok  (%)    bsr

lte    1   46   15   0    4    15k   12    0   0% |  99.9   99.9   30   16   137k    8    0   0%    0.0

lte    1   46   15   0   12   2.3k    3    0   0% |  99.9   99.9    0   22    14k    1    0   0%    0.0

lte    1   46   15   0    0      0    0    0   0% |   n/a   99.9    0    0      0    0    0   0%    0.0

lte    1   46   15   0   15   2.7k    1    0   0% |  99.9   99.9   30   22    27k    2    0   0%    0.0

lte    1   46   15   0   15   2.7k    1    0   0% |  99.9   99.9   30   22    26k    2    0   0%    0.0

lte    1   46   15   0   15   2.3k    1    0   0% |  99.9   99.9   30   22    22k    2    0   0%    0.0

lte    1   46   15   0   15   2.6k    1    0   0% |  99.9   99.9   30   22    26k    2    0   0%    0.0

lte    1   46   15   0   15   2.3k    1    0   0% |  99.9   99.9   30   22    22k    2    0   0%    0.0

lte    1   46   15   0   15   2.4k    1    0   0% |  99.9   99.9   30   22    23k    2    0   0%    0.0

lte    1   46   15   0   15   2.3k    1    0   0% |  99.9   99.9   30   22    23k    2    0   0%    0.0

lte    1   46   15   0   15   2.7k    1    0   0% |  99.9   99.9   30   22    27k    2    0   0%    0.0



               -----------------DL----------------|-------------------------UL-------------------------

rat  pci rnti  cqi  ri  mcs  brate   ok  nok  (%) | pusch  pucch  phr  mcs  brate   ok  nok  (%)    bsr

lte    1   46   15   0   15   2.6k    1    0   0% |  99.9   99.9   30   22    26k    2    0   0%    0.0

lte    1   46   15   0   15   2.8k    1    0   0% |  99.9   99.9   30   22    27k    2    0   0%    0.0

lte    1   46   15   0   15   2.0k    1    0   0% |  99.9   99.9   30   22    20k    2    0   0%    0.0

lte    1   46   15   0   15   2.8k    1    0   0% |  99.9   99.9   30   22    28k    2    0   0%    0.0

lte    1   46   15   0   15   3.1k    1    0   0% |  99.9   99.9   30   22    31k    2    0   0%    0.0

lte    1   46   15   0   15   2.7k    1    0   0% |  99.9   99.9   30   22    26k    2    0   0%    0.0

lte    1   46   15   0   15   2.6k    1    0   0% |  99.9   99.9   30   22    25k    2    0   0%    0.0

lte    1   46   15   0   15   2.0k    1    0   0% |  99.9   99.9   30   22    19k    2    0   0%    0.0

lte    1   46   15   0   15   2.4k    1    0   0% |  99.9   99.9   30   22    23k    2    0   0%    0.0

lte    1   46   15   0   15   2.1k    1    0   0% |  99.9   99.9   30   22    20k    2    0   0%    0.0

lte    1   46   15   0   15   2.3k    1    0   0% |  99.9   99.9   30   22    23k    2    0   0%    0.0



               -----------------DL----------------|-------------------------UL-------------------------

rat  pci rnti  cqi  ri  mcs  brate   ok  nok  (%) | pusch  pucch  phr  mcs  brate   ok  nok  (%)    bsr

lte    1   46   15   0   15   2.0k    1    0   0% |  99.9   99.9   30   22    20k    2    0   0%    0.0

lte    1   46   15   0   15   2.0k    1    0   0% |  99.9   99.9   30   22    20k    2    0   0%    0.0

lte    1   46   15   0   15   2.2k    1    0   0% |  99.9   99.9   30   22    21k    2    0   0%    0.0

lte    1   46   15   0   15   2.0k    1    0   0% |  99.9   99.9   30   22    19k    2    0   0%    0.0

lte    1   46   15   0   15   2.0k    1    0   0% |  99.9   99.9   30   22    19k    2    0   0%    0.0

lte    1   46   15   0   15   2.1k    1    0   0% |  99.9   99.9   30   22    21k    2    0   0%    0.0

lte    1   46   15   0   15   2.0k    1    0   0% |  99.9   99.9   30   22    20k    2    0   0%    0.0

lte    1   46   15   0   15   2.0k    1    0   0% |  99.9   99.9   30   22    20k    2    0   0%    0.0

lte    1   46   15   0   15   2.0k    1    0   0% |  99.9   99.9   30   22    20k    2    0   0%    0.0

lte    1   46   15   0   15   2.0k    1    0   0% |  99.9   99.9   30   22    20k    2    0   0%    0.0

lte    1   46   15   0   15   2.0k    1    0   0% |  99.9   99.9   30   22    20k    2    0   0%    0.0



               -----------------DL----------------|-------------------------UL-------------------------

rat  pci rnti  cqi  ri  mcs  brate   ok  nok  (%) | pusch  pucch  phr  mcs  brate   ok  nok  (%)    bsr

lte    1   46   15   0   15   2.3k    1    0   0% |  99.9   99.9   30   22    23k    2    0   0%    0.0

lte    1   46   15   0   15   2.0k    1    0   0% |  99.9   99.9   30   22    20k    2    0   0%    0.0

lte    1   46   15   0   15   2.1k    1    0   0% |  99.9   99.9   30   22    20k    2    0   0%    0.0

lte    1   46   15   0   15   2.4k    1    0   0% |  99.9   99.9   30   22    23k    2    0   0%    0.0

lte    1   46   15   0   15   2.2k    1    0   0% |  99.9   99.9   30   22    21k    2    0   0%    0.0

lte    1   46   15   0   15   2.0k    1    0   0% |  99.9   99.9   30   22    19k    2    0   0%    0.0

lte    1   46   15   0   15   2.2k    1    0   0% |  99.9   99.9   30   22    21k    2    0   0%    0.0

lte    1   46   15   0   15   2.3k    1    0   0% |  99.9   99.9   30   22    22k    2    0   0%    0.0

lte    1   46   15   0   15   2.1k    1    0   0% |  99.9   99.9   30   22    21k    2    0   0%    0.0

lte    1   46   15   0   15   1.9k    1    0   0% |  99.9   99.9   30   22    19k    2    0   0%    0.0

lte    1   46   15   0   15   2.2k    1    0   0% |  99.9   99.9   30   22    22k    2    0   0%    0.0



               -----------------DL----------------|-------------------------UL-------------------------

rat  pci rnti  cqi  ri  mcs  brate   ok  nok  (%) | pusch  pucch  phr  mcs  brate   ok  nok  (%)    bsr

lte    1   46   15   0   15   2.0k    1    0   0% |  99.9   99.9   30   22    20k    2    0   0%    0.0

lte    1   46   15   0   15   2.0k    1    0   0% |  99.9   99.9   30   22    20k    2    0   0%    0.0

lte    1   46   15   0   15   2.2k    1    0   0% |  99.9   99.9   30   22    22k    2    0   0%    0.0

lte    1   46   15   0   15   2.2k    1    0   0% |  99.9   99.9   30   22    22k    2    0   0%    0.0

lte    1   46   15   0   15   2.2k    1    0   0% |  99.9   99.9   30   22    22k    2    0   0%    0.0

lte    1   46   15   0   15   2.0k    1    0   0% |  99.9   99.9   30   22    20k    2    0   0%    0.0

lte    1   46   15   0   15   2.1k    1    0   0% |  99.9   99.9   30   22    21k    2    0   0%    0.0

lte    1   46   15   0   15   2.0k    1    0   0% |  99.9   99.9   30   22    20k    2    0   0%    0.0

lte    1   46   15   0   15   2.1k    1    0   0% |  99.9   99.9   30   22    20k    2    0   0%    0.0

lte    1   46   15   0   15   2.2k    1    0   0% |  99.9   99.9   30   22    22k    2    0   0%    0.0

lte    1   46   15   0   15   2.1k    1    0   0% |  99.9   99.9   30   22    21k    2    0   0%    0.0



               -----------------DL----------------|-------------------------UL-------------------------

rat  pci rnti  cqi  ri  mcs  brate   ok  nok  (%) | pusch  pucch  phr  mcs  brate   ok  nok  (%)    bsr

lte    1   46   15   0   15   2.2k    1    0   0% |  99.9   99.9   30   22    21k    2    0   0%    0.0

lte    1   46   15   0   15   2.1k    1    0   0% |  99.9   99.9   30   22    21k    2    0   0%    0.0

lte    1   46   15   0   15   2.2k    1    0   0% |  99.9   99.9   30   22    22k    2    0   0%    0.0

lte    1   46   15   0   15   2.2k    1    0   0% |  99.9   99.9   30   22    22k    2    0   0%    0.0

lte    1   46   15   0   15   2.3k    1    0   0% |  99.9   99.9   30   22    23k    2    0   0%    0.0

lte    1   46   15   0   15   2.6k    1    0   0% |  99.9   99.9   30   22    25k    2    0   0%    0.0

lte    1   46   14   0   15   2.1k    1    0   0% |  99.9   89.2   30   22    21k    2    0   0%    0.0

lte    1   46   13   0   15   2.1k    1    0   0% |  99.9   87.5   30   22    21k    2    0   0%    0.0

lte    1   46   13   0   15   2.0k    1    0   0% |  99.9   87.1   30   22    20k    2    0   0%    0.0

lte    1   46   13   0   15   2.0k    1    0   0% |  99.9   89.7   30   22    20k    2    0   0%    0.0

lte    1   46   13   0   15   2.2k    1    0   0% |  99.9   92.6   30   22    22k    2    0   0%    0.0



               -----------------DL----------------|-------------------------UL-------------------------

rat  pci rnti  cqi  ri  mcs  brate   ok  nok  (%) | pusch  pucch  phr  mcs  brate   ok  nok  (%)    bsr

lte    1   46   13   0   15   2.4k    1    0   0% |  99.9   87.7   30   22    24k    2    0   0%    0.0

lte    1   46    9   0   15   2.0k    1    0   0% |  99.9   81.9   30   22    20k    2    0   0%    0.0

lte    1   46    9   0   15   1.7k    1    0   0% |  95.3   83.6   30   22    17k    2    0   0%    0.0

lte    1   46    9   0   15   2.0k    1    0   0% |  99.9   85.2   30   22    20k    2    0   0%    0.0

lte    1   46    9   0   15   2.6k    1    0   0% |  94.4   78.6   30   22    25k    2    0   0%    0.0

lte    1   46    9   0   15   2.2k    1    0   0% |  98.5   80.9   30   22    22k    2    0   0%    0.0

lte    1   46    9   0   15   2.5k    1    0   0% |  99.9   83.4   30   22    24k    2    0   0%    0.0

lte    1   46    9   0   15   2.9k    1    0   0% |  99.9   85.0   30   22    29k    2    0   0%    0.0

lte    1   46    8   0   15   2.2k    1    0   0% |  99.2   79.1   30   22    21k    2    0   0%    0.0

lte    1   46    8   0   15   2.1k    1    0   0% |  97.2   84.1   30   22    21k    2    0   0%    0.0

lte    1   46    8   0   15   2.1k    1    0   0% |  96.4   84.8   30   22    21k    2    0   0%    0.0



               -----------------DL----------------|-------------------------UL-------------------------

rat  pci rnti  cqi  ri  mcs  brate   ok  nok  (%) | pusch  pucch  phr  mcs  brate   ok  nok  (%)    bsr

lte    1   46    8   0   15   2.1k    1    0   0% |  99.9   79.6   30   22    20k    2    0   0%    0.0

lte    1   46    7   0   15   2.1k    1    0   0% |  94.9   75.1   30   22    21k    2    0   0%    0.0

lte    1   46    7   0    8   1.9k    1    0   0% |  94.5   77.9   30   22    20k    2    0   0%    0.0

lte    1   46    7   0    8   1.8k    1    0   0% |  98.0   76.1   30   22    19k    2    0   0%    0.0

lte    1   46    7   0    8   1.8k    1    0   0% |  92.7   74.9   30   22    19k    2    0   0%    0.0

lte    1   46    7   0    8   1.9k    1    0   0% |  99.6   77.4   30   22    20k    2    0   0%    0.0

lte    1   46    7   0    8   1.9k    1    0   0% |  99.9   84.9   30   22    20k    2    0   0%    0.0

lte    1   46    7   0    8   2.1k    1    0   0% |  99.9   77.7   30   22    21k    2    0   0%    0.0

lte    1   46    7   0    8   2.4k    1    0   0% |  95.1   76.3   30   22    24k    2    0   0%    0.0

lte    1   46    7   0    8   2.0k    1    0   0% |  93.5   77.8   30   22    21k    2    0   0%    0.0

lte    1   46    7   0    8   2.1k    1    0   0% |  99.9   79.6   30   22    21k    2    0   0%    0.0



               -----------------DL----------------|-------------------------UL-------------------------

rat  pci rnti  cqi  ri  mcs  brate   ok  nok  (%) | pusch  pucch  phr  mcs  brate   ok  nok  (%)    bsr

lte    1   46    7   0    8   2.1k    1    0   0% |  99.9   76.5   30   22    21k    2    0   0%    0.0

lte    1   46    6   0    8   2.3k    1    0   0% |  97.5   72.5   30   22    23k    2    0   0%    0.0

lte    1   46    6   0   15   2.0k    1    0   0% |  99.9   74.0   30   22    19k    2    0   0%    0.0

lte    1   46    6   0    8   2.0k    1    0   0% |  86.9   77.7   30   22    21k    2    0   0%    0.0

lte    1   46    6   0    8   2.2k    1    0   0% |  94.6   75.7   30   22    22k    2    0   0%    0.0

lte    1   46    6   0    8   2.3k    1    0   0% |  93.2   75.9   30   22    24k    2    0   0%    0.0

lte    1   46    6   0    8   2.6k    1    0   0% |  89.9   76.6   30   22    27k    2    0   0%    0.0

lte    1   46    6   0    8   3.0k    1    0   0% |  97.9   78.1   30   22    31k    2    0   0%    0.0

lte    1   46    6   0    8   2.2k    1    0   0% |  99.9   77.6   30   22    22k    2    0   0%    0.0

lte    1   46    7   0    8   2.4k    1    0   0% |  87.6   73.3   30   22    24k    2    0   0%    0.0

lte    1   46    5   0    8   2.0k    1    0   0% |  97.1   77.6   30   22    20k    2    0   0%    0.0



               -----------------DL----------------|-------------------------UL-------------------------

rat  pci rnti  cqi  ri  mcs  brate   ok  nok  (%) | pusch  pucch  phr  mcs  brate   ok  nok  (%)    bsr

lte    1   46    5   0    8   2.2k    1    0   0% |  93.5   76.3   30   22    23k    2    0   0%    0.0

lte    1   46    5   0    8   1.9k    1    0   0% |  92.0   76.1   30   22    19k    2    0   0%    0.0

lte    1   46    5   0    8   2.1k    1    0   0% |  93.6   75.0   30   22    22k    2    0   0%    0.0

lte    1   46    5   0    8   2.0k    1    0   0% |  96.7   75.1   30   22    21k    2    0   0%    0.0

lte    1   46    5   0    8   2.0k    1    0   0% |  94.9   80.8   30   22    21k    2    0   0%    0.0

lte    1   46    5   0    8   2.0k    1    0   0% |  91.8   73.0   30   22    20k    2    0   0%    0.0

lte    1   46    5   0    8   1.9k    1    0   0% |  92.7   70.3   30   22    20k    2    0   0%    0.0

lte    1   46    5   0    8   1.9k    1    0   0% |  99.9   76.4   30   22    20k    2    0   0%    0.0

lte    1   46    5   0    8   1.8k    1    0   0% |  87.9   72.5   30   22    19k    2    0   0%    0.0

lte    1   46    5   0    8   2.0k    1    0   0% |  99.9   76.1   30   22    21k    2    0   0%    0.0

lte    1   46    5   0    8   2.2k    1    0   0% |  88.0   76.1   30   22    22k    2    0   0%    0.0



               -----------------DL----------------|-------------------------UL-------------------------

rat  pci rnti  cqi  ri  mcs  brate   ok  nok  (%) | pusch  pucch  phr  mcs  brate   ok  nok  (%)    bsr

lte    1   46    4   0    6   2.8k    1    0   0% |  95.1   81.9   30   22    25k    2    0   0%    0.0

Starting S1 Handover of rnti=0x46 to cellid=0x19c01.

lte    1   46    4   0    4   4.1k    3    0   0% |  85.2   68.0   30   22    38k    3    0   0%    0.0

Disconnecting rnti=0x46.

q

Stopping ..

Couldn't stop after 5s. Forcing exit.

./enb1.sh: line 10:  4702 Killed                  sudo ./srsenb ./enb.conf ${LOG_ARGS} ${ZMQ_ARGS} ${OTHER_ARGS} $@