lisa@lisa-VirtualBox:~/network/srsRAN_4G/build/srsenb/src$ sudo ./enb2.sh

[sudo] password for lisa: 

Active RF plugins: libsrsran_rf_zmq.so

Inactive RF plugins: 

---  Software Radio Systems LTE eNodeB  ---



Reading configuration file ./enb.conf...



Built in Release mode using commit ec29b0c1f on branch master.



Opening 1 channels in RF device=zmq with args="tx_port=tcp://*:2201,rx_port=tcp://localhost:2200,id=enb,base_srate=23.04e6"

Supported RF device list: zmq file

CHx base_srate=23.04e6"

CHx id=enb

Current sample rate is 1.92 MHz with a base rate of 23.04 MHz (x12 decimation)

CH0 rx_port=tcp://localhost:2200

CH0 tx_port=tcp://*:2201



==== eNodeB started ===

Type <t> to view trace

Current sample rate is 11.52 MHz with a base rate of 23.04 MHz (x2 decimation)

Current sample rate is 11.52 MHz with a base rate of 23.04 MHz (x2 decimation)

Setting frequency: DL=2680.0 Mhz, UL=2560.0 MHz for cc_idx=0 nof_prb=50

t

Enter t to stop trace.



               -----------------DL----------------|-------------------------UL-------------------------

rat  pci rnti  cqi  ri  mcs  brate   ok  nok  (%) | pusch  pucch  phr  mcs  brate   ok  nok  (%)    bsr

lte    6   46  n/a   0    0      0    0    0   0% |   n/a    n/a    0    0      0    0    0   0%    0.0

RACH:  tti=2301, cc=0, pci=6, preamble=29, offset=0, temp_crnti=0x47

Disconnecting rnti=0x47.

User 0x46 connected

lte    6   46    6   0    3   2.7k    3    0   0% |  95.3   81.5   30   10    26k    5    1  16%    0.0

lte    6   46    8   0   15   2.2k    1    0   0% |  86.7   79.9   30   22    21k    2    0   0%    0.0

lte    6   46    8   0   15   2.5k    1    0   0% |  92.7   77.2   30   22    24k    2    0   0%    0.0

lte    6   46    8   0   15   2.0k    1    0   0% |  86.6   86.3   30   22    20k    2    0   0%    0.0

lte    6   46    8   0   15   2.2k    1    0   0% |  91.9   83.8   30   22    22k    2    0   0%    0.0

lte    6   46    8   0   15   1.9k    1    0   0% |  88.9   84.7   30   22    18k    2    0   0%    0.0

lte    6   46    8   0   15   2.0k    1    0   0% |  96.8   78.6   30   22    20k    2    0   0%    0.0

lte    6   46    8   0   15   2.1k    1    0   0% |  92.6   78.1   30   22    21k    2    0   0%    0.0

lte    6   46    8   0   15   2.2k    1    0   0% |  95.2   80.6   30   22    22k    2    0   0%    0.0

lte    6   46    8   0   15   2.4k    1    0   0% |  95.6   79.5   30   22    23k    2    0   0%    0.0



               -----------------DL----------------|-------------------------UL-------------------------

rat  pci rnti  cqi  ri  mcs  brate   ok  nok  (%) | pusch  pucch  phr  mcs  brate   ok  nok  (%)    bsr

lte    6   46    8   0   15   2.0k    1    0   0% |  99.9   79.8   30   22    20k    2    0   0%    0.0

lte    6   46    8   0   15   1.9k    1    0   0% |  98.9   83.5   30   22    19k    2    0   0%    0.0

lte    6   46    8   0   15   1.8k    1    0   0% |  94.6   83.2   30   22    18k    2    0   0%    0.0

lte    6   46    8   0   15   2.2k    1    0   0% |  93.8   80.1   30   22    22k    2    0   0%    0.0

lte    6   46    8   0   15   2.5k    1    0   0% |  86.2   81.9   30   22    25k    2    0   0%    0.0

lte    6   46    8   0   15   2.2k    1    0   0% |  93.5   82.5   30   22    22k    2    0   0%    0.0

lte    6   46    8   0   15   2.3k    1    0   0% |  95.6   82.7   30   22    23k    2    0   0%    0.0

lte    6   46    8   0   15   2.1k    1    0   0% |  99.1   83.1   30   22    21k    2    0   0%    0.0

lte    6   46    8   0   15   2.4k    1    0   0% |  99.2   81.9   30   22    24k    2    0   0%    0.0

lte    6   46    9   0   15   2.1k    1    0   0% |  95.0   83.0   30   22    20k    2    0   0%    0.0

lte    6   46    9   0   15   1.9k    1    0   0% |  90.7   87.3   30   22    19k    2    0   0%    0.0



               -----------------DL----------------|-------------------------UL-------------------------

rat  pci rnti  cqi  ri  mcs  brate   ok  nok  (%) | pusch  pucch  phr  mcs  brate   ok  nok  (%)    bsr

lte    6   46    9   0   15   2.1k    1    0   0% |  93.0   83.4   30   22    21k    2    0   0%    0.0

lte    6   46    9   0   15   2.0k    1    0   0% |  92.9   78.6   30   22    20k    2    0   0%    0.0

lte    6   46    8   0   15   2.5k    1    0   0% |  93.8   85.3   30   22    24k    2    0   0%    0.0

lte    6   46    9   0   15   1.9k    1    0   0% |  94.7   81.2   30   22    19k    2    0   0%    0.0

lte    6   46    9   0   15   2.1k    1    0   0% |  95.6   84.6   30   22    21k    2    0   0%    0.0

lte    6   46    9   0   15   2.0k    1    0   0% |  93.1   82.6   30   22    19k    2    0   0%    0.0

lte    6   46    9   0   15   2.1k    1    0   0% |  91.9   84.2   30   22    21k    2    0   0%    0.0

lte    6   46    8   0   15   2.1k    1    0   0% |  99.9   81.7   30   22    21k    2    0   0%    0.0

lte    6   46    9   0   15   2.7k    1    0   0% |  96.4   88.8   30   22    26k    2    0   0%    0.0

lte    6   46    9   0   15   2.0k    1    0   0% |  99.9   87.2   30   22    20k    2    0   0%    0.0

lte    6   46    9   0   15   2.2k    1    0   0% |  94.6   89.3   30   22    22k    2    0   0%    0.0



               -----------------DL----------------|-------------------------UL-------------------------

rat  pci rnti  cqi  ri  mcs  brate   ok  nok  (%) | pusch  pucch  phr  mcs  brate   ok  nok  (%)    bsr

lte    6   46    9   0   15   2.4k    1    0   0% |  94.2   82.6   30   22    24k    2    0   0%    0.0

lte    6   46    9   0   15   2.0k    1    0   0% |  97.3   83.9   30   22    20k    2    0   0%    0.0

lte    6   46    9   0   15   2.1k    1    0   0% |  95.6   82.5   30   22    21k    2    0   0%    0.0

lte    6   46    9   0   15   2.1k    1    0   0% |  99.9   84.5   30   22    20k    2    0   0%    0.0

lte    6   46    9   0   15   2.6k    1    0   0% |  99.2   81.7   30   22    25k    2    0   0%    0.0

lte    6   46    9   0   15   2.3k    1    0   0% |  91.2   85.6   30   22    23k    2    0   0%    0.0

lte    6   46    9   0   15   2.3k    1    0   0% |  91.4   89.8   30   22    23k    2    0   0%    0.0

lte    6   46   11   0   15   2.6k    1    0   0% |  99.5   87.2   30   22    25k    2    0   0%    0.0

lte    6   46   11   0   15   2.3k    1    0   0% |  95.0   84.5   30   22    23k    2    0   0%    0.0

lte    6   46   11   0   15   2.5k    1    0   0% |  99.9   88.0   30   22    25k    2    0   0%    0.0

lte    6   46   12   0   15   2.3k    1    0   0% |  99.9   91.6   30   22    22k    2    0   0%    0.0



               -----------------DL----------------|-------------------------UL-------------------------

rat  pci rnti  cqi  ri  mcs  brate   ok  nok  (%) | pusch  pucch  phr  mcs  brate   ok  nok  (%)    bsr

lte    6   46   13   0   15   2.2k    1    0   0% |  99.9   93.4   30   22    22k    2    0   0%    0.0

lte    6   46   14   0   15   2.0k    1    0   0% |  99.9   95.6   30   22    20k    2    0   0%    0.0

lte    6   46   15   0   15   2.1k    1    0   0% |  99.9   99.9   30   22    21k    2    0   0%    0.0

lte    6   46   15   0   15   2.1k    1    0   0% |  99.9   99.9   30   22    21k    2    0   0%    0.0

lte    6   46   15   0   15   2.4k    1    0   0% |  99.9   99.9   30   22    24k    2    0   0%    0.0

lte    6   46   15   0   15   2.2k    1    0   0% |  99.9   99.9   30   22    22k    2    0   0%    0.0

lte    6   46   15   0   15   2.2k    1    0   0% |  99.9   99.9   30   22    21k    2    0   0%    0.0

lte    6   46   15   0   15   2.6k    1    0   0% |  99.9   99.9   30   22    25k    2    0   0%    0.0

lte    6   46   15   0   15   2.3k    1    0   0% |  99.9   99.9   30   22    23k    2    0   0%    0.0

lte    6   46   15   0   15   2.9k    1    0   0% |  99.9   99.9   30   22    29k    2    0   0%    0.0

lte    6   46   15   0   15   2.1k    1    0   0% |  99.9   99.9   30   22    21k    2    0   0%    0.0



               -----------------DL----------------|-------------------------UL-------------------------

rat  pci rnti  cqi  ri  mcs  brate   ok  nok  (%) | pusch  pucch  phr  mcs  brate   ok  nok  (%)    bsr

lte    6   46   15   0   15   2.7k    1    0   0% |  99.9   99.9   30   22    26k    2    0   0%    0.0

lte    6   46   15   0   15   3.2k    1    0   0% |  99.9   99.9   30   22    31k    2    0   0%    0.0

lte    6   46   15   0   15   3.4k    1    0   0% |  99.9   99.9   30   22    33k    2    0   0%    0.0

lte    6   46   15   0   15   3.0k    1    0   0% |  99.9   99.9   30   22    30k    2    0   0%    0.0

lte    6   46   15   0   15   3.7k    1    0   0% |  99.9   99.9   30   22    36k    2    0   0%    0.0

lte    6   46  n/a   0    0      0    0    0   0% |   n/a    n/a    0    0      0    0    0   0%    0.0

lte    6   46  n/a   0    0      0    0    0   0% |   n/a    n/a    0    0      0    0    0   0%    0.0

lte    6   46  n/a   0    0      0    0    0   0% |   n/a    n/a    0    0      0    0    0   0%    0.0

lte    6   46  n/a   0    0      0    0    0   0% |   n/a    n/a    0    0      0    0    0   0%    0.0

lte    6   46  n/a   0    0      0    0    0   0% |   n/a    n/a    0    0      0    0    0   0%    0.0

lte    6   46  n/a   0    0      0    0    0   0% |   n/a    n/a    0    0      0    0    0   0%    0.0



               -----------------DL----------------|-------------------------UL-------------------------

rat  pci rnti  cqi  ri  mcs  brate   ok  nok  (%) | pusch  pucch  phr  mcs  brate   ok  nok  (%)    bsr

lte    6   46  n/a   0    0      0    0    0   0% |   n/a    n/a    0    0      0    0    0   0%    0.0

lte    6   46  n/a   0    0      0    0    0   0% |   n/a    n/a    0    0      0    0    0   0%    0.0

lte    6   46  n/a   0    0      0    0    0   0% |   n/a    n/a    0    0      0    0    0   0%    0.0

lte    6   46  n/a   0    0      0    0    0   0% |   n/a    n/a    0    0      0    0    0   0%    0.0

lte    6   46  n/a   0    0      0    0    0   0% |   n/a    n/a    0    0      0    0    0   0%    0.0

lte    6   46  n/a   0    0      0    0    0   0% |   n/a    n/a    0    0      0    0    0   0%    0.0

lte    6   46  n/a   0    0      0    0    0   0% |   n/a    n/a    0    0      0    0    0   0%    0.0

lte    6   46  n/a   0    0      0    0    0   0% |   n/a    n/a    0    0      0    0    0   0%    0.0

lte    6   46  n/a   0    0      0    0    0   0% |   n/a    n/a    0    0      0    0    0   0%    0.0

lte    6   46  n/a   0    0      0    0    0   0% |   n/a    n/a    0    0      0    0    0   0%    0.0

lte    6   46  n/a   0    0      0    0    0   0% |   n/a    n/a    0    0      0    0    0   0%    0.0



               -----------------DL----------------|-------------------------UL-------------------------

rat  pci rnti  cqi  ri  mcs  brate   ok  nok  (%) | pusch  pucch  phr  mcs  brate   ok  nok  (%)    bsr

lte    6   46  n/a   0    0      0    0    0   0% |   n/a    n/a    0    0      0    0    0   0%    0.0

lte    6   46  n/a   0    0      0    0    0   0% |   n/a    n/a    0    0      0    0    0   0%    0.0

q

Stopping ..

Couldn't stop after 5s. Forcing exit.

./enb2.sh: line 10:  4725 Killed                  sudo ./srsenb ./enb.conf ${LOG_ARGS} ${ZMQ_ARGS} ${OTHER_ARGS} $@

